2013-12-13 01:34:06.8422 ERROR: DAL:::ManageCountry:::GetAllCountry:::A network-related or instance-specific error occurred while establishing a connection to SQL Server. The server was not found or was not accessible. Verify that the instance name is correct and that SQL Server is configured to allow remote connections. (provider: SQL Network Interfaces, error: 26 - Error Locating Server/Instance Specified)
(CalliEventHandlerDelegateProxy.Callback => _Default.Page_Load => ManageCountry.GetAllCountry) 
2013-12-13 01:34:07.1332 ERROR: _Default:::Page_Load:::A network-related or instance-specific error occurred while establishing a connection to SQL Server. The server was not found or was not accessible. Verify that the instance name is correct and that SQL Server is configured to allow remote connections. (provider: SQL Network Interfaces, error: 26 - Error Locating Server/Instance Specified)
(Control.OnLoad => CalliEventHandlerDelegateProxy.Callback => _Default.Page_Load) 
2013-12-13 02:36:29.7028 ERROR: DAL:::ManageCountry:::GetAllCountry:::A network-related or instance-specific error occurred while establishing a connection to SQL Server. The server was not found or was not accessible. Verify that the instance name is correct and that SQL Server is configured to allow remote connections. (provider: SQL Network Interfaces, error: 26 - Error Locating Server/Instance Specified)
(CalliEventHandlerDelegateProxy.Callback => _Default.Page_Load => ManageCountry.GetAllCountry) 
2013-12-13 02:36:29.7258 ERROR: _Default:::Page_Load:::A network-related or instance-specific error occurred while establishing a connection to SQL Server. The server was not found or was not accessible. Verify that the instance name is correct and that SQL Server is configured to allow remote connections. (provider: SQL Network Interfaces, error: 26 - Error Locating Server/Instance Specified)
(Control.OnLoad => CalliEventHandlerDelegateProxy.Callback => _Default.Page_Load) 
2013-12-13 02:36:30.0968 ERROR: DAL:::ManageCountry:::GetAllCountry:::A network-related or instance-specific error occurred while establishing a connection to SQL Server. The server was not found or was not accessible. Verify that the instance name is correct and that SQL Server is configured to allow remote connections. (provider: SQL Network Interfaces, error: 26 - Error Locating Server/Instance Specified)
(CalliEventHandlerDelegateProxy.Callback => _Default.Page_Load => ManageCountry.GetAllCountry) 
2013-12-13 02:36:30.0968 ERROR: _Default:::Page_Load:::A network-related or instance-specific error occurred while establishing a connection to SQL Server. The server was not found or was not accessible. Verify that the instance name is correct and that SQL Server is configured to allow remote connections. (provider: SQL Network Interfaces, error: 26 - Error Locating Server/Instance Specified)
(Control.OnLoad => CalliEventHandlerDelegateProxy.Callback => _Default.Page_Load) 
2013-12-13 02:42:54.9449 ERROR: signup:::btnSubmit_Click:::A network-related or instance-specific error occurred while establishing a connection to SQL Server. The server was not found or was not accessible. Verify that the instance name is correct and that SQL Server is configured to allow remote connections. (provider: SQL Network Interfaces, error: 26 - Error Locating Server/Instance Specified)
(Button.RaisePostBackEvent => Button.OnClick => signup.btnSubmit_Click) 
2013-12-13 02:43:49.1640 ERROR: signup:::btnSubmit_Click:::A network-related or instance-specific error occurred while establishing a connection to SQL Server. The server was not found or was not accessible. Verify that the instance name is correct and that SQL Server is configured to allow remote connections. (provider: SQL Network Interfaces, error: 26 - Error Locating Server/Instance Specified)
(Button.RaisePostBackEvent => Button.OnClick => signup.btnSubmit_Click) 
2013-12-13 03:22:23.4103 ERROR: DAL:::ManageCountry:::GetAllCountry:::A network-related or instance-specific error occurred while establishing a connection to SQL Server. The server was not found or was not accessible. Verify that the instance name is correct and that SQL Server is configured to allow remote connections. (provider: SQL Network Interfaces, error: 26 - Error Locating Server/Instance Specified)
(CalliEventHandlerDelegateProxy.Callback => _Default.Page_Load => ManageCountry.GetAllCountry) 
2013-12-13 03:22:23.4303 ERROR: _Default:::Page_Load:::A network-related or instance-specific error occurred while establishing a connection to SQL Server. The server was not found or was not accessible. Verify that the instance name is correct and that SQL Server is configured to allow remote connections. (provider: SQL Network Interfaces, error: 26 - Error Locating Server/Instance Specified)
(Control.OnLoad => CalliEventHandlerDelegateProxy.Callback => _Default.Page_Load) 
2013-12-13 03:24:10.3794 ERROR: DAL:::ManageCountry:::GetAllCountry:::A network-related or instance-specific error occurred while establishing a connection to SQL Server. The server was not found or was not accessible. Verify that the instance name is correct and that SQL Server is configured to allow remote connections. (provider: SQL Network Interfaces, error: 26 - Error Locating Server/Instance Specified)
(CalliEventHandlerDelegateProxy.Callback => _Default.Page_Load => ManageCountry.GetAllCountry) 
2013-12-13 03:24:10.3794 ERROR: _Default:::Page_Load:::A network-related or instance-specific error occurred while establishing a connection to SQL Server. The server was not found or was not accessible. Verify that the instance name is correct and that SQL Server is configured to allow remote connections. (provider: SQL Network Interfaces, error: 26 - Error Locating Server/Instance Specified)
(Control.OnLoad => CalliEventHandlerDelegateProxy.Callback => _Default.Page_Load) 
2013-12-13 15:29:45.9019 ERROR: Search:::Page_Load:::DataBinding: 'System.Data.DataRowView' does not contain a property with the name 'CityName'.
(Control.OnLoad => CalliEventHandlerDelegateProxy.Callback => Search.Page_Load) 
2013-12-13 15:57:20.0016 ERROR: ViewAds:::Page_Load:::String was not recognized as a valid DateTime.
(Control.OnLoad => CalliEventHandlerDelegateProxy.Callback => ViewAds.Page_Load) 
2013-12-13 16:59:51.6671 ERROR: ViewAds:::Page_Load:::String was not recognized as a valid DateTime.
(Control.OnLoad => CalliEventHandlerDelegateProxy.Callback => ViewAds.Page_Load) 
