2013-11-29 02:32:56.0117 ERROR: FormsFunction:::SendEmailService:::The operation has timed out.
(ContactUs.btnSendMessage_Click => FormsFunction.SendEmailForSupport => FormsFunction.SendEmailService) 
2013-11-29 02:35:32.7626 ERROR: FormsFunction:::SendEmailService:::The operation has timed out.
(ContactUs.btnSendMessage_Click => FormsFunction.SendEmailForSupport => FormsFunction.SendEmailService) 
2013-11-29 02:36:27.2678 ERROR: FormsFunction:::SendEmailService:::Failure sending mail.
(ContactUs.btnSendMessage_Click => FormsFunction.SendEmailForSupport => FormsFunction.SendEmailService) 
2013-11-29 02:39:13.4433 ERROR: FormsFunction:::SendEmailService:::Failure sending mail.
(forgetPassword.btnSendEmailAddress_Click => FormsFunction.SendAndGetEmailTemplete => FormsFunction.SendEmailService) 
2013-11-29 02:48:13.8032 ERROR: FormsFunction:::SendEmailServiceByArabiSkyInfo:::Failure sending mail.
(forgetPassword.btnSendEmailAddress_Click => FormsFunction.SendAndGetEmailTempleteByArabiSkyInfo => FormsFunction.SendEmailServiceByArabiSkyInfo) 
2013-11-29 02:48:16.2423 ERROR: FormsFunction:::SendEmailServiceByGmailCom:::The SMTP server requires a secure connection or the client was not authenticated. The server response was: 5.5.1 Authentication Required. Learn more at
(FormsFunction.SendAndGetEmailTempleteByArabiSkyInfo => FormsFunction.SendEmailServiceByArabiSkyInfo => FormsFunction.SendEmailServiceByGmailCom) 
2013-11-29 02:49:30.0605 ERROR: FormsFunction:::SendEmailServiceByArabiSkyInfo:::Failure sending mail.
(forgetPassword.btnSendEmailAddress_Click => FormsFunction.SendAndGetEmailTempleteByArabiSkyInfo => FormsFunction.SendEmailServiceByArabiSkyInfo) 
2013-11-29 02:49:31.8576 ERROR: FormsFunction:::SendEmailServiceByGmailCom:::The SMTP server requires a secure connection or the client was not authenticated. The server response was: 5.5.1 Authentication Required. Learn more at
(FormsFunction.SendAndGetEmailTempleteByArabiSkyInfo => FormsFunction.SendEmailServiceByArabiSkyInfo => FormsFunction.SendEmailServiceByGmailCom) 
2013-11-29 02:51:03.1758 ERROR: FormsFunction:::SendEmailServiceByArabiSkyInfo:::Failure sending mail.
(forgetPassword.btnSendEmailAddress_Click => FormsFunction.SendAndGetEmailTempleteByArabiSkyInfo => FormsFunction.SendEmailServiceByArabiSkyInfo) 
2013-11-29 02:51:40.7300 ERROR: FormsFunction:::SendEmailServiceByGmailCom:::The SMTP server requires a secure connection or the client was not authenticated. The server response was: 5.5.1 Authentication Required. Learn more at
(FormsFunction.SendAndGetEmailTempleteByArabiSkyInfo => FormsFunction.SendEmailServiceByArabiSkyInfo => FormsFunction.SendEmailServiceByGmailCom) 
2013-11-29 02:52:58.8545 ERROR: FormsFunction:::SendEmailServiceByArabiSkyInfo:::Failure sending mail.
(forgetPassword.btnSendEmailAddress_Click => FormsFunction.SendAndGetEmailTempleteByArabiSkyInfo => FormsFunction.SendEmailServiceByArabiSkyInfo) 
2013-11-29 02:57:14.9421 ERROR: FormsFunction:::SendEmailServiceByArabiSkyInfo:::Failure sending mail.
(ContactUs.btnSendMessage_Click => FormsFunction.SendEmailForSupportByArabiSkyInfo => FormsFunction.SendEmailServiceByArabiSkyInfo) 
