2013-12-01 01:19:56.6303 ERROR: DAL:::DBAdsManager:::InsertNewAds:::The INSERT statement conflicted with the FOREIGN KEY constraint "FK_TB_Ads_TB_SubCategories". The conflict occurred in database "ArabiSkyDB", table "dbo.TB_SubCategories", column 'SubCategoriesID'.
The statement has been terminated.
(Button.OnClick => AdsPage.btnAddNewAds_Click => DBAdsManager.InsertNewAds) 
2013-12-01 01:20:12.3712 ERROR: DAL:::DBAdsManager:::InsertNewAds:::The INSERT statement conflicted with the FOREIGN KEY constraint "FK_TB_Ads_TB_SubCategories". The conflict occurred in database "ArabiSkyDB", table "dbo.TB_SubCategories", column 'SubCategoriesID'.
The statement has been terminated.
(Button.OnClick => AdsPage.btnAddNewAds_Click => DBAdsManager.InsertNewAds) 
2013-12-01 01:21:10.1875 ERROR: DAL:::DBAdsManager:::InsertNewAds:::The INSERT statement conflicted with the FOREIGN KEY constraint "FK_TB_Ads_TB_SubCategories". The conflict occurred in database "ArabiSkyDB", table "dbo.TB_SubCategories", column 'SubCategoriesID'.
The statement has been terminated.
(Button.OnClick => AdsPage.btnAddNewAds_Click => DBAdsManager.InsertNewAds) 
2013-12-01 01:21:38.1411 ERROR: DAL:::DBAdsManager:::InsertNewAds:::The INSERT statement conflicted with the FOREIGN KEY constraint "FK_TB_Ads_TB_SubCategories". The conflict occurred in database "ArabiSkyDB", table "dbo.TB_SubCategories", column 'SubCategoriesID'.
The statement has been terminated.
(Button.OnClick => AdsPage.btnAddNewAds_Click => DBAdsManager.InsertNewAds) 
2013-12-01 01:41:59.9100 ERROR: AdsPage:::btnAddNewAds_Click:::Input string was not in a correct format.
(Button.RaisePostBackEvent => Button.OnClick => AdsPage.btnAddNewAds_Click) 
2013-12-01 01:42:05.5483 ERROR: AdsPage:::btnAddNewAds_Click:::Input string was not in a correct format.
(Button.RaisePostBackEvent => Button.OnClick => AdsPage.btnAddNewAds_Click) 
2013-12-01 01:42:25.9465 ERROR: AdsPage:::btnAddNewAds_Click:::Input string was not in a correct format.
(Button.RaisePostBackEvent => Button.OnClick => AdsPage.btnAddNewAds_Click) 
2013-12-01 01:42:40.0673 ERROR: AdsPage:::btnAddNewAds_Click:::Input string was not in a correct format.
(Button.RaisePostBackEvent => Button.OnClick => AdsPage.btnAddNewAds_Click) 
2013-12-01 01:43:29.7671 ERROR: AdsPage:::btnAddNewAds_Click:::Input string was not in a correct format.
(Button.RaisePostBackEvent => Button.OnClick => AdsPage.btnAddNewAds_Click) 
2013-12-01 01:43:48.9452 ERROR: AdsPage:::btnAddNewAds_Click:::Input string was not in a correct format.
(Button.RaisePostBackEvent => Button.OnClick => AdsPage.btnAddNewAds_Click) 
2013-12-01 01:44:26.9814 ERROR: AdsPage:::btnAddNewAds_Click:::Input string was not in a correct format.
(Button.RaisePostBackEvent => Button.OnClick => AdsPage.btnAddNewAds_Click) 
2013-12-01 01:44:41.3402 ERROR: AdsPage:::btnAddNewAds_Click:::Input string was not in a correct format.
(Button.RaisePostBackEvent => Button.OnClick => AdsPage.btnAddNewAds_Click) 
2013-12-01 01:45:37.7405 ERROR: DAL:::DBAdsManager:::InsertNewAds:::The INSERT statement conflicted with the FOREIGN KEY constraint "FK_TB_Ads_TB_City". The conflict occurred in database "ArabiSkyDB", table "dbo.TB_City", column 'CityID'.
The statement has been terminated.
(Button.OnClick => AdsPage.btnAddNewAds_Click => DBAdsManager.InsertNewAds) 
2013-12-01 01:46:03.8510 ERROR: DAL:::DBAdsManager:::InsertNewAds:::The INSERT statement conflicted with the FOREIGN KEY constraint "FK_TB_Ads_TB_City". The conflict occurred in database "ArabiSkyDB", table "dbo.TB_City", column 'CityID'.
The statement has been terminated.
(Button.OnClick => AdsPage.btnAddNewAds_Click => DBAdsManager.InsertNewAds) 
